TN:
SF:src/QQuestSavingsPool.sol
FN:73,QQuestSavingPool.initialiseAGoal
FNDA:7,QQuestSavingPool.initialiseAGoal
DA:80,7
DA:81,7
DA:89,7
DA:90,7
DA:91,1
BRDA:91,0,0,1
DA:92,6
BRDA:92,1,0,-
BRDA:92,1,1,6
DA:93,0
DA:98,6
DA:102,6
DA:105,6
DA:118,6
DA:125,6
DA:128,6
DA:129,6
BRDA:129,2,0,6
BRDA:129,2,1,-
DA:130,6
DA:131,0
BRDA:131,3,0,-
DA:133,0
FN:141,QQuestSavingPool.addSavingsContribution
FNDA:16,QQuestSavingPool.addSavingsContribution
DA:142,16
DA:144,16
BRDA:144,4,0,1
DA:145,15
DA:146,1
BRDA:146,5,0,1
DA:148,14
DA:151,14
DA:153,1
BRDA:153,6,0,1
DA:155,13
DA:158,13
DA:162,13
DA:163,13
DA:164,13
DA:165,13
BRDA:165,7,0,13
BRDA:165,7,1,-
DA:166,13
DA:167,1
BRDA:167,8,0,1
DA:169,0
FN:177,QQuestSavingPool.withdraw
FNDA:5,QQuestSavingPool.withdraw
DA:178,5
DA:180,5
BRDA:180,9,0,1
DA:182,4
DA:183,1
BRDA:183,10,0,1
DA:185,3
DA:186,0
BRDA:186,11,0,-
DA:189,3
DA:191,2
BRDA:191,12,0,2
DA:193,1
DA:195,1
DA:197,1
DA:199,1
DA:200,1
DA:201,1
DA:207,1
BRDA:207,13,0,1
BRDA:207,13,1,-
DA:208,1
DA:211,1
BRDA:211,14,0,-
DA:213,0
FN:221,QQuestSavingPool.calculateSavingTokenValue
FNDA:14,QQuestSavingPool.calculateSavingTokenValue
DA:224,14
DA:227,14
DA:231,14
DA:235,14
FN:240,QQuestSavingPool.calculateSavintTokenAmountFromValue
FNDA:19,QQuestSavingPool.calculateSavintTokenAmountFromValue
DA:243,19
DA:247,19
DA:250,19
DA:254,19
FNF:5
FNH:5
LF:59
LH:53
BRF:19
BRH:12
end_of_record
